[2021-03-18T20:55:27.397] [DEBUG] cheese - login => username:zs,password:123456
[2021-03-18T20:55:27.398] [DEBUG] cheese - zs
[2021-03-18T20:55:27.404] [DEBUG] cheese - null
[2021-03-18T20:55:27.405] [DEBUG] cheese - null
[2021-03-18T20:55:54.233] [DEBUG] cheese - login => username:admin,password:123
[2021-03-18T20:55:54.234] [DEBUG] cheese - admin
[2021-03-18T20:55:54.237] [DEBUG] cheese - null
[2021-03-18T20:55:54.237] [DEBUG] cheese - null
[2021-03-18T20:56:11.694] [DEBUG] cheese - login => username:admin,password:123456
[2021-03-18T20:56:11.694] [DEBUG] cheese - admin
[2021-03-18T20:56:11.696] [DEBUG] cheese - null
[2021-03-18T20:56:11.696] [DEBUG] cheese - null
[2021-03-23T19:15:20.456] [DEBUG] cheese - login => username:admin,password:123456
[2021-03-23T19:15:20.458] [DEBUG] cheese - admin
[2021-03-23T19:15:20.733] [DEBUG] cheese - null
[2021-03-23T19:15:20.734] [DEBUG] cheese - null
[2021-03-23T21:44:28.965] [DEBUG] cheese - login => username:aaaa,password:aaaaaaa
[2021-03-23T21:44:28.966] [DEBUG] cheese - aaaa
[2021-03-23T21:44:28.979] [DEBUG] cheese - null
[2021-03-23T21:44:28.979] [DEBUG] cheese - null
[2021-03-23T21:45:12.899] [DEBUG] cheese - login => username:tiny,password:123456
[2021-03-23T21:45:12.899] [DEBUG] cheese - tiny
[2021-03-23T21:45:12.903] [DEBUG] cheese - null
[2021-03-23T21:45:12.904] [DEBUG] cheese - null
[2021-03-23T21:45:33.611] [DEBUG] cheese - login => username:tiny,password:123456
[2021-03-23T21:45:33.611] [DEBUG] cheese - tiny
[2021-03-23T21:45:33.613] [DEBUG] cheese - null
[2021-03-23T21:45:33.613] [DEBUG] cheese - null
[2021-03-23T21:46:33.762] [DEBUG] cheese - login => username:tiny,password:123456
[2021-03-23T21:46:33.762] [DEBUG] cheese - tiny
[2021-03-23T21:46:33.765] [DEBUG] cheese - null
[2021-03-23T21:46:33.765] [DEBUG] cheese - null
[2021-03-23T21:46:37.466] [DEBUG] cheese - login => username:admin,password:123456
[2021-03-23T21:46:37.466] [DEBUG] cheese - admin
[2021-03-23T21:46:37.473] [DEBUG] cheese - null
[2021-03-23T21:46:37.474] [DEBUG] cheese - null
[2021-03-23T21:48:28.236] [DEBUG] cheese - login => username:admin,password:123456
[2021-03-23T21:48:28.237] [DEBUG] cheese - admin
[2021-03-23T21:48:28.241] [DEBUG] cheese - null
[2021-03-23T21:48:28.241] [DEBUG] cheese - null
[2021-03-23T21:48:41.139] [DEBUG] cheese - login => username:admi,password:123456
[2021-03-23T21:48:41.139] [DEBUG] cheese - admi
[2021-03-23T21:48:41.145] [DEBUG] cheese - null
[2021-03-23T21:48:41.145] [DEBUG] cheese - null
[2021-03-23T21:48:44.654] [DEBUG] cheese - login => username:admin,password:123456
[2021-03-23T21:48:44.654] [DEBUG] cheese - admin
[2021-03-23T21:48:44.662] [DEBUG] cheese - null
[2021-03-23T21:48:44.663] [DEBUG] cheese - null
